Using pre-set license
Built from '2021.1/staging' branch; Version is '2021.1.15f1 (e767a7370072) revision 15165351'; Using compiler version '192528614'; Build Type 'Release'
OS: 'Windows 10 Pro; OS build 19041.1288; Version 2004; 64bit' Language: 'pt' Physical Memory: 12206 MB
BatchMode: 1, IsHumanControllingUs: 0, StartBugReporterOnCrash: 0, Is64bit: 1, IsPro: 0

 COMMAND LINE ARGUMENTS:
C:\Program Files\Unity\Hub\Editor\2021.1.15f1\Editor\Unity.exe
-adb2
-batchMode
-noUpm
-name
AssetImportWorker0
-projectPath
C:/Users/Usurio/Documents/Projetos Unity/Jogos Feitos/2DMobileGame
-logFile
Logs/AssetImportWorker0.log
-srvPort
2088
Successfully changed project path to: C:/Users/Usurio/Documents/Projetos Unity/Jogos Feitos/2DMobileGame
C:/Users/Usurio/Documents/Projetos Unity/Jogos Feitos/2DMobileGame
Using Asset Import Pipeline V2.
Refreshing native plugins compatible for Editor in 112.81 ms, found 4 plugins.
Preloading 0 native plugins for Editor in 0.00 ms.
Initialize engine version: 2021.1.15f1 (e767a7370072)
[Subsystems] Discovering subsystems at path C:/Program Files/Unity/Hub/Editor/2021.1.15f1/Editor/Data/Resources/UnitySubsystems
[Subsystems] Discovering subsystems at path C:/Users/Usurio/Documents/Projetos Unity/Jogos Feitos/2DMobileGame/Assets
GfxDevice: creating device client; threaded=0; jobified=0
Direct3D:
    Version:  Direct3D 11.0 [level 11.1]
    Renderer: NVIDIA GeForce GTX 1050 (ID=0x1c81)
    Vendor:   NVIDIA
    VRAM:     1977 MB
    Driver:   30.0.14.7212
Initialize mono
Mono path[0] = 'C:/Program Files/Unity/Hub/Editor/2021.1.15f1/Editor/Data/Managed'
Mono path[1] = 'C:/Program Files/Unity/Hub/Editor/2021.1.15f1/Editor/Data/MonoBleedingEdge/lib/mono/unityjit'
Mono config path = 'C:/Program Files/Unity/Hub/Editor/2021.1.15f1/Editor/Data/MonoBleedingEdge/etc'
Using monoOptions --debugger-agent=transport=dt_socket,embedding=1,server=y,suspend=n,address=127.0.0.1:56348
Begin MonoManager ReloadAssembly
Registering precompiled unity dll's ...
Register platform support module: C:/Program Files/Unity/Hub/Editor/2021.1.15f1/Editor/Data/PlaybackEngines/WebGLSupport/UnityEditor.WebGL.Extensions.dll
Register platform support module: C:/Program Files/Unity/Hub/Editor/2021.1.15f1/Editor/Data/PlaybackEngines/WindowsStandaloneSupport/UnityEditor.WindowsStandalone.Extensions.dll
Registered in 0.002416 seconds.
Native extension for WindowsStandalone target not found
Native extension for WebGL target not found
Refreshing native plugins compatible for Editor in 119.75 ms, found 4 plugins.
Preloading 0 native plugins for Editor in 0.00 ms.
Mono: successfully reloaded assembly
- Completed reload, in  1.923 seconds
Domain Reload Profiling:
	ReloadAssembly (1923ms)
		BeginReloadAssembly (55ms)
			ExecutionOrderSort (0ms)
			DisableScriptedObjects (0ms)
			BackupInstance (0ms)
			ReleaseScriptingObjects (0ms)
			CreateAndSetChildDomain (1ms)
		EndReloadAssembly (532ms)
			LoadAssemblies (53ms)
			RebuildTransferFunctionScriptingTraits (0ms)
			SetupTypeCache (173ms)
			ReleaseScriptCaches (0ms)
			RebuildScriptCaches (35ms)
			SetupLoadedEditorAssemblies (265ms)
				LogAssemblyErrors (0ms)
				InitializePlatformSupportModulesInManaged (7ms)
				SetLoadedEditorAssemblies (0ms)
				RefreshPlugins (120ms)
				BeforeProcessingInitializeOnLoad (1ms)
				ProcessInitializeOnLoadAttributes (104ms)
				ProcessInitializeOnLoadMethodAttributes (32ms)
				AfterProcessingInitializeOnLoad (0ms)
				EditorAssembliesLoaded (0ms)
			ExecutionOrderSort2 (0ms)
			AwakeInstancesAfterBackupRestoration (0ms)
Platform modules already initialized, skipping
Registering precompiled user dll's ...
Registered in 0.007952 seconds.
Begin MonoManager ReloadAssembly
Symbol file LoadedFromMemory doesn't match image C:\Users\Usurio\Documents\Projetos Unity\Jogos Feitos\2DMobileGame\Library\PackageCache\com.unity.visualscripting@1.6.1\Editor\VisualScripting.Core\Dependencies\YamlDotNet\Unity.VisualScripting.YamlDotNet.dll
Symbol file LoadedFromMemory doesn't match image C:\Users\Usurio\Documents\Projetos Unity\Jogos Feitos\2DMobileGame\Library\PackageCache\com.unity.visualscripting@1.6.1\Editor\VisualScripting.Core\Dependencies\DotNetZip\Unity.VisualScripting.IonicZip.dll
Native extension for WindowsStandalone target not found
Native extension for WebGL target not found
Refreshing native plugins compatible for Editor in 111.76 ms, found 4 plugins.
Preloading 0 native plugins for Editor in 0.00 ms.
Mono: successfully reloaded assembly
- Completed reload, in  1.973 seconds
Domain Reload Profiling:
	ReloadAssembly (1974ms)
		BeginReloadAssembly (149ms)
			ExecutionOrderSort (0ms)
			DisableScriptedObjects (4ms)
			BackupInstance (0ms)
			ReleaseScriptingObjects (0ms)
			CreateAndSetChildDomain (21ms)
		EndReloadAssembly (1764ms)
			LoadAssemblies (97ms)
			RebuildTransferFunctionScriptingTraits (0ms)
			SetupTypeCache (377ms)
			ReleaseScriptCaches (1ms)
			RebuildScriptCaches (63ms)
			SetupLoadedEditorAssemblies (1121ms)
				LogAssemblyErrors (0ms)
				InitializePlatformSupportModulesInManaged (5ms)
				SetLoadedEditorAssemblies (0ms)
				RefreshPlugins (112ms)
				BeforeProcessingInitializeOnLoad (99ms)
				ProcessInitializeOnLoadAttributes (268ms)
				ProcessInitializeOnLoadMethodAttributes (631ms)
				AfterProcessingInitializeOnLoad (6ms)
				EditorAssembliesLoaded (0ms)
			ExecutionOrderSort2 (0ms)
			AwakeInstancesAfterBackupRestoration (6ms)
Platform modules already initialized, skipping
========================================================================
Worker process is ready to serve import requests
Launched and connected shader compiler UnityShaderCompiler.exe after 0.04 seconds
Refreshing native plugins compatible for Editor in 0.87 ms, found 4 plugins.
Preloading 0 native plugins for Editor in 0.00 ms.
Unloading 3863 Unused Serialized files (Serialized files now loaded: 0)
System memory in use before: 143.0 MB.
System memory in use after: 143.1 MB.

Unloading 40 unused Assets to reduce memory usage. Loaded Objects now: 4330.
Total: 4.114000 ms (FindLiveObjects: 0.431000 ms CreateObjectMapping: 0.276600 ms MarkObjects: 3.267000 ms  DeleteObjects: 0.137900 ms)

AssetImportParameters requested are different than current active one (requested -> active):
  custom:framework-win-MediaFoundation: 216162199b28c13a410421893ffa2e32 -> 
  custom:video-decoder-ogg-theora: a1e56fd34408186e4bbccfd4996cb3dc -> 
  custom:container-muxer-webm: aa71ff27fc2769a1b78a27578f13a17b -> 
  custom:container-demuxer-webm: 4f35f7cbe854078d1ac9338744f61a02 -> 
  custom:container-demuxer-ogg: 62fdf1f143b41e24485cea50d1cbac27 -> 
  custom:video-encoder-webm-vp8: eb34c28f22e8b96e1ab97ce403110664 -> 
  custom:video-decoder-webm-vp8: 9c59270c3fd7afecdb556c50c9e8de78 -> 
  custom:audio-decoder-ogg-vorbis: bf7c407c2cedff20999df2af8eb42d56 -> 
  custom:audio-encoder-webm-vorbis: bf7c407c2cedff20999df2af8eb42d56 -> 
========================================================================
Received Import Request.
  path: Assets/Game/AI/BTs
  artifactKey: Guid(22b2a41bc9218ce4b801040bc4e26956) Importer(815301076,1909f56bfc062723c751e8b465ee728b)
Start importing Assets/Game/AI/BTs using Guid(22b2a41bc9218ce4b801040bc4e26956) Importer(815301076,1909f56bfc062723c751e8b465ee728b)  -> (artifact id: '15e5237cecc204f05fff9941411a448c') in 0.011901 seconds 
========================================================================
Received Import Request.
  Time since last request: 0.000299 seconds.
  path: Assets/Game/AI
  artifactKey: Guid(aa3cea5879eb7b5429f62575a31caab9) Importer(815301076,1909f56bfc062723c751e8b465ee728b)
Start importing Assets/Game/AI using Guid(aa3cea5879eb7b5429f62575a31caab9) Importer(815301076,1909f56bfc062723c751e8b465ee728b)  -> (artifact id: '93093f146cc43609fd81edb2c2e27378') in 0.010703 seconds 
========================================================================
Received Import Request.
  Time since last request: 0.000375 seconds.
  path: Assets/Game/AI/BTs/BT_Enemy_Chomper.asset
  artifactKey: Guid(b6df3b833c0947b45b23de3a12fd0911) Importer(815301076,1909f56bfc062723c751e8b465ee728b)
Start importing Assets/Game/AI/BTs/BT_Enemy_Chomper.asset using Guid(b6df3b833c0947b45b23de3a12fd0911) Importer(815301076,1909f56bfc062723c751e8b465ee728b)  -> (artifact id: 'b3f9e64a8e21fbc9858e2bf3a0598493') in 0.060475 seconds 
========================================================================
Received Import Request.
  Time since last request: 13.694098 seconds.
  path: Assets/Game/Scripts/Damage/DeathOnDamage.cs
  artifactKey: Guid(4408dc8817fae5a4abb91493107a8136) Importer(815301076,1909f56bfc062723c751e8b465ee728b)
Start importing Assets/Game/Scripts/Damage/DeathOnDamage.cs using Guid(4408dc8817fae5a4abb91493107a8136) Importer(815301076,1909f56bfc062723c751e8b465ee728b)  -> (artifact id: 'a5d5e6c5cbba54a7226f6bf1fff03c84') in 0.018015 seconds 
========================================================================
Received Import Request.
  Time since last request: 35.421651 seconds.
  path: Assets/Game/Scripts/Damage/IDamageable.cs
  artifactKey: Guid(337afab0e3e02804785b27ab69b537e9) Importer(815301076,1909f56bfc062723c751e8b465ee728b)
Start importing Assets/Game/Scripts/Damage/IDamageable.cs using Guid(337afab0e3e02804785b27ab69b537e9) Importer(815301076,1909f56bfc062723c751e8b465ee728b)  -> (artifact id: '408411be7f22bb6237f98047b36374b8') in 0.013261 seconds 
========================================================================
Received Import Request.
  Time since last request: 1.803295 seconds.
  path: Assets/Game/Scripts/Damage/TriggerDamage.cs
  artifactKey: Guid(405c97272e694af4f9ffbb67e46f87f4) Importer(815301076,1909f56bfc062723c751e8b465ee728b)
Start importing Assets/Game/Scripts/Damage/TriggerDamage.cs using Guid(405c97272e694af4f9ffbb67e46f87f4) Importer(815301076,1909f56bfc062723c751e8b465ee728b)  -> (artifact id: 'cc9e4e944e569efff11e9f17447579d5') in 0.022392 seconds 
AssetImportWorkerClient::OnTransportError - code=2 error=End of file
